<?xml version="1.0" encoding="utf-8" standalone="no"?>
<!--This file represents the results of running a test suite-->
<test-results name="FubuDinner.Test.dll" total="25" failures="0" not-run="0" date="2010-02-26" time="15:33:31">
  <environment nunit-version="2.4.7.0" clr-version="2.0.50727.3603" os-version="Microsoft Windows NT 6.0.6001 Service Pack 1" platform="Win32NT" cwd="E:\Development\fubudinner\build_output\FubuDinner" machine-name="DRU-2008" user="dru" user-domain="DRU-2008" />
  <culture-info current-culture="en-US" current-uiculture="en-US" />
  <test-suite name="FubuDinner.Test.dll" success="True" time="1.231" asserts="0">
    <results>
      <test-suite name="FubuDinner" success="True" time="1.227" asserts="0">
        <results>
          <test-suite name="Test" success="True" time="1.223" asserts="0">
            <results>
              <test-suite name="Actions" success="True" time="1.051" asserts="0">
                <results>
                  <test-suite name="AboutActionTester" success="True" time="0.016" asserts="0">
                    <results>
                      <test-case name="FubuDinner.Test.Actions.AboutActionTester.should_return_model" executed="True" success="True" time="0.010" asserts="1" />
                    </results>
                  </test-suite>
                  <test-suite name="HomeActionTester" success="True" time="0.017" asserts="0">
                    <results>
                      <test-case name="FubuDinner.Test.Actions.HomeActionTester.should_return_model" executed="True" success="True" time="0.017" asserts="1" />
                    </results>
                  </test-suite>
                  <test-suite name="log_on_validation_fails" success="True" time="0.881" asserts="0">
                    <results>
                      <test-case name="FubuDinner.Test.Actions.log_on_validation_fails.should_copy_form_values_to_output" executed="True" success="True" time="0.855" asserts="3" />
                      <test-case name="FubuDinner.Test.Actions.log_on_validation_fails.should_not_copy_password_to_output" executed="True" success="True" time="0.010" asserts="1" />
                      <test-case name="FubuDinner.Test.Actions.log_on_validation_fails.should_set_validation_errors_on_model_if_validation_fails" executed="True" success="True" time="0.010" asserts="1" />
                      <test-case name="FubuDinner.Test.Actions.log_on_validation_fails.should_transfer_to_view_if_validation_fails" executed="True" success="True" time="0.006" asserts="1" />
                    </results>
                  </test-suite>
                  <test-suite name="log_on_validation_succeeds" success="True" time="0.073" asserts="0">
                    <results>
                      <test-case name="FubuDinner.Test.Actions.log_on_validation_succeeds.should_redirect_to_home_if_no_return_url_specified" executed="True" success="True" time="0.012" asserts="1" />
                      <test-case name="FubuDinner.Test.Actions.log_on_validation_succeeds.should_redirect_to_return_url" executed="True" success="True" time="0.010" asserts="0" />
                      <test-case name="FubuDinner.Test.Actions.log_on_validation_succeeds.should_set_authentication_context" executed="True" success="True" time="0.020" asserts="0" />
                      <test-case name="FubuDinner.Test.Actions.log_on_validation_succeeds.should_set_rememberMe_setting_on_authentication_context" executed="True" success="True" time="0.010" asserts="0" />
                      <test-case name="FubuDinner.Test.Actions.log_on_validation_succeeds.should_transfer_to_view_with_errors_if_password_invalid" executed="True" success="True" time="0.010" asserts="1" />
                      <test-case name="FubuDinner.Test.Actions.log_on_validation_succeeds.should_transfer_to_view_with_errors_if_username_not_found" executed="True" success="True" time="0.009" asserts="1" />
                    </results>
                  </test-suite>
                  <test-suite name="LogOffActionTester" success="True" time="0.009" asserts="0">
                    <results>
                      <test-case name="FubuDinner.Test.Actions.LogOffActionTester.should_log_user_out_of_auth_context" executed="True" success="True" time="0.006" asserts="0" />
                      <test-case name="FubuDinner.Test.Actions.LogOffActionTester.should_redirect_to_home_page" executed="True" success="True" time="0.002" asserts="1" />
                    </results>
                  </test-suite>
                  <test-suite name="LogOnActionQueryTester" success="True" time="0.001" asserts="0">
                    <results>
                      <test-case name="FubuDinner.Test.Actions.LogOnActionQueryTester.should_return_return_url_from_input" executed="True" success="True" time="0.001" asserts="1" />
                    </results>
                  </test-suite>
                  <test-suite name="MastheadActionTester" success="True" time="0.004" asserts="0">
                    <results>
                      <test-case name="FubuDinner.Test.Actions.MastheadActionTester.should_default_to_not_displaying_the_search_area" executed="True" success="True" time="0.001" asserts="1" />
                      <test-case name="FubuDinner.Test.Actions.MastheadActionTester.should_respect_switch_for_showing_search_area" executed="True" success="True" time="0.001" asserts="1" />
                    </results>
                  </test-suite>
                  <test-suite name="RegisterActionCommandTester" success="True" time="0.031" asserts="0">
                    <results>
                      <test-case name="FubuDinner.Test.Actions.RegisterActionCommandTester.should_fail_validation_if_password_and_confirm_password_do_not_match" executed="True" success="True" time="0.022" asserts="1" />
                      <test-case name="FubuDinner.Test.Actions.RegisterActionCommandTester.should_not_save_nerd_if_there_are_any_validation_errors" executed="True" success="True" time="0.004" asserts="1" />
                      <test-case name="FubuDinner.Test.Actions.RegisterActionCommandTester.should_save_nerd_if_validation_succeeds" executed="True" success="True" time="0.003" asserts="1" />
                      <test-case name="FubuDinner.Test.Actions.RegisterActionCommandTester.validation_failure_should_be_reported" executed="True" success="True" time="0.002" asserts="1" />
                    </results>
                  </test-suite>
                  <test-suite name="RegisterActionQueryTester" success="True" time="0.003" asserts="0">
                    <results>
                      <test-case name="FubuDinner.Test.Actions.RegisterActionQueryTester.should_use_configured_min_password_length" executed="True" success="True" time="0.002" asserts="1" />
                    </results>
                  </test-suite>
                </results>
              </test-suite>
              <test-suite name="Infrastructure" success="True" time="0.166" asserts="0">
                <results>
                  <test-suite name="Behaviors" success="True" time="0.165" asserts="0">
                    <results>
                      <test-suite name="MustBeAuthenticatedBehaviorTester" success="True" time="0.164" asserts="0">
                        <results>
                          <test-case name="FubuDinner.Test.Infrastructure.Behaviors.MustBeAuthenticatedBehaviorTester.should_not_continue_if_not_authenticated" executed="True" success="True" time="0.142" asserts="0" />
                          <test-case name="FubuDinner.Test.Infrastructure.Behaviors.MustBeAuthenticatedBehaviorTester.should_remember_return_url_when_transferring" executed="True" success="True" time="0.012" asserts="0" />
                          <test-case name="FubuDinner.Test.Infrastructure.Behaviors.MustBeAuthenticatedBehaviorTester.should_transfer_to_logon_if_not_authenticated" executed="True" success="True" time="0.009" asserts="0" />
                        </results>
                      </test-suite>
                    </results>
                  </test-suite>
                </results>
              </test-suite>
            </results>
          </test-suite>
        </results>
      </test-suite>
    </results>
  </test-suite>
</test-results>